<?xml version="1.0" encoding="UTF-8"?>
<!-- Generated by org.testng.reporters.JUnitReportReporter -->
<testsuite skipped="0" hostname="DESKTOP-R0QK2O8" name="day11.TestNgTesting2" tests="1" failures="0" timestamp="26 Feb 2019 01:53:14 GMT" time="0.010" errors="0">
  <testcase name="verifyExpectedException" time="0.010" classname="day11.TestNgTesting2"/>
</testsuite> <!-- day11.TestNgTesting2 -->
