<?xml version="1.0" encoding="UTF-8"?>
<!-- Generated by org.testng.reporters.JUnitReportReporter -->
<testsuite skipped="0" hostname="DESKTOP-R0QK2O8" name="day12.DataProviderExample" tests="3" failures="0" timestamp="26 Feb 2019 03:14:00 GMT" time="0.038" errors="0">
  <testcase name="printParameters" time="0.007" classname="day12.DataProviderExample"/>
  <testcase name="printParameters" time="0.025" classname="day12.DataProviderExample"/>
  <testcase name="printParameters" time="0.006" classname="day12.DataProviderExample"/>
</testsuite> <!-- day12.DataProviderExample -->
