<?xml version="1.0" encoding="UTF-8"?>
<!-- Generated by org.testng.reporters.JUnitReportReporter -->
<testsuite skipped="0" hostname="DESKTOP-R0QK2O8" name="day11.TestNgTesting" tests="4" failures="0" timestamp="26 Feb 2019 01:53:14 GMT" time="0.038" errors="0">
  <testcase name="testcase3" time="0.019" classname="day11.TestNgTesting"/>
  <testcase name="testcase1" time="0.004" classname="day11.TestNgTesting"/>
  <testcase name="testcase4" time="0.009" classname="day11.TestNgTesting"/>
  <testcase name="testcase6" time="0.006" classname="day11.TestNgTesting"/>
</testsuite> <!-- day11.TestNgTesting -->
