<?xml version="1.0" encoding="UTF-8"?>
<!-- Generated by org.testng.reporters.JUnitReportReporter -->
<testsuite skipped="0" hostname="DESKTOP-R0QK2O8" name="day12.TestNgTesting" tests="2" failures="0" timestamp="26 Feb 2019 03:19:59 GMT" time="0.014" errors="0">
  <testcase name="testcase4" time="0.010" classname="day12.TestNgTesting"/>
  <testcase name="testcase6" time="0.004" classname="day12.TestNgTesting"/>
</testsuite> <!-- day12.TestNgTesting -->
